<?xml version="1.0" encoding="UTF-8"?>
<!-- Generated by org.testng.reporters.JUnitXMLReporter -->
<testsuite ignored="0" hostname="DESKTOP-KVJ6CJ8" failures="0" tests="3" name="Default test" time="5.803" errors="0" timestamp="2025-09-27T19:01:06 IST">
  <testcase classname="com.sentinel.tests.DataIntegrityTest" name="createUserAPI" time="1.098"/>
  <testcase classname="com.sentinel.tests.DataIntegrityTest" name="fileUploadTest" time="0.001"/>
  <testcase classname="com.sentinel.tests.DataIntegrityTest" name="verifyUserInUI" time="0.306"/>
</testsuite> <!-- Default test -->
