<?xml version="1.0" encoding="UTF-8"?>
<!-- Generated by org.testng.reporters.JUnitReportReporter -->
<testsuite hostname="DESKTOP-KVJ6CJ8" failures="0" tests="3" name="com.sentinel.tests.AdminLTEUITest" time="0.187" errors="0" timestamp="2025-09-27T19:00:15 IST" skipped="0">
  <testcase classname="com.sentinel.tests.AdminLTEUITest" name="verifyDashboardContent" time="0.113"/>
  <testcase classname="com.sentinel.tests.AdminLTEUITest" name="verifyNavbar" time="0.038"/>
  <testcase classname="com.sentinel.tests.AdminLTEUITest" name="verifySidebarMenu" time="0.036"/>
</testsuite> <!-- com.sentinel.tests.AdminLTEUITest -->
