<?xml version="1.0" encoding="UTF-8"?>
<!-- Generated by org.testng.reporters.JUnitReportReporter -->
<testsuite hostname="DESKTOP-KVJ6CJ8" failures="0" tests="3" name="com.sentinel.tests.DataIntegrityTest" time="1.405" errors="0" timestamp="2025-09-27T19:01:06 IST" skipped="0">
  <testcase classname="com.sentinel.tests.DataIntegrityTest" name="fileUploadTest" time="0.001"/>
  <testcase classname="com.sentinel.tests.DataIntegrityTest" name="verifyUserInUI" time="0.306"/>
  <testcase classname="com.sentinel.tests.DataIntegrityTest" name="createUserAPI" time="1.098"/>
</testsuite> <!-- com.sentinel.tests.DataIntegrityTest -->
