<?xml version="1.0" encoding="UTF-8"?>
<testng-results ignored="0" total="3" passed="3" failed="0" skipped="0">
  <reporter-output>
  </reporter-output>
  <suite started-at="2025-09-27T19:01:00 IST" name="Default suite" finished-at="2025-09-27T19:01:06 IST" duration-ms="5803">
    <groups>
    </groups>
    <test started-at="2025-09-27T19:01:00 IST" name="Default test" finished-at="2025-09-27T19:01:06 IST" duration-ms="5803">
      <class name="com.sentinel.tests.DataIntegrityTest">
        <test-method is-config="true" signature="setup()[pri:0, instance:com.sentinel.tests.DataIntegrityTest@7d20d0b]" started-at="2025-09-27T19:01:00 IST" name="setup" finished-at="2025-09-27T19:01:04 IST" duration-ms="4303" status="PASS">
          <reporter-output>
          </reporter-output>
        </test-method> <!-- setup -->
        <test-method signature="createUserAPI()[pri:0, instance:com.sentinel.tests.DataIntegrityTest@7d20d0b]" started-at="2025-09-27T19:01:04 IST" name="createUserAPI" finished-at="2025-09-27T19:01:05 IST" duration-ms="1098" status="PASS">
          <reporter-output>
          </reporter-output>
        </test-method> <!-- createUserAPI -->
        <test-method signature="fileUploadTest()[pri:0, instance:com.sentinel.tests.DataIntegrityTest@7d20d0b]" started-at="2025-09-27T19:01:05 IST" name="fileUploadTest" finished-at="2025-09-27T19:01:05 IST" duration-ms="1" status="PASS">
          <reporter-output>
          </reporter-output>
        </test-method> <!-- fileUploadTest -->
        <test-method signature="verifyUserInUI()[pri:0, instance:com.sentinel.tests.DataIntegrityTest@7d20d0b]" started-at="2025-09-27T19:01:05 IST" name="verifyUserInUI" finished-at="2025-09-27T19:01:06 IST" duration-ms="306" status="PASS">
          <reporter-output>
          </reporter-output>
        </test-method> <!-- verifyUserInUI -->
      </class> <!-- com.sentinel.tests.DataIntegrityTest -->
    </test> <!-- Default test -->
  </suite> <!-- Default suite -->
</testng-results>
